2025-01-23 19:40:53 error : Unknown column 'user_id' in 'field list'
2025-01-23 19:40:55 error : Unknown column 'user_id' in 'field list'
2025-01-23 19:41:36 error : Unknown column 'user_id' in 'field list'
2025-01-23 19:42:00 error : Unknown column 'user_id' in 'field list'
2025-01-23 19:43:47 error : Unknown column 'user_id' in 'field list'
2025-01-23 19:43:59 error : Unknown column 'user_id' in 'field list'
2025-01-23 19:47:24 error : notNull Violation: movie.description cannot be null,
notNull Violation: movie.image cannot be null,
notNull Violation: movie.year cannot be null,
notNull Violation: movie.genre cannot be null,
notNull Violation: movie.rate cannot be null
2025-01-23 19:47:24 error : notNull Violation: movie.description cannot be null,
notNull Violation: movie.image cannot be null,
notNull Violation: movie.year cannot be null,
notNull Violation: movie.genre cannot be null,
notNull Violation: movie.rate cannot be null
2025-01-23 19:49:03 error : notNull Violation: movie.description cannot be null,
notNull Violation: movie.year cannot be null,
notNull Violation: movie.genre cannot be null,
notNull Violation: movie.rate cannot be null
2025-01-23 19:49:03 error : notNull Violation: movie.description cannot be null,
notNull Violation: movie.year cannot be null,
notNull Violation: movie.genre cannot be null,
notNull Violation: movie.rate cannot be null
2025-01-23 19:57:22 error : notNull Violation: movie.description cannot be null,
notNull Violation: movie.year cannot be null,
notNull Violation: movie.genre cannot be null,
notNull Violation: movie.rate cannot be null
2025-01-23 19:57:22 error : notNull Violation: movie.description cannot be null,
notNull Violation: movie.year cannot be null,
notNull Violation: movie.genre cannot be null,
notNull Violation: movie.rate cannot be null
2025-01-23 19:58:48 error : notNull Violation: movie.description cannot be null,
notNull Violation: movie.year cannot be null,
notNull Violation: movie.genre cannot be null,
notNull Violation: movie.rate cannot be null
2025-01-23 19:58:48 error : notNull Violation: movie.description cannot be null,
notNull Violation: movie.year cannot be null,
notNull Violation: movie.genre cannot be null,
notNull Violation: movie.rate cannot be null
2025-01-23 20:00:11 error : notNull Violation: movie.description cannot be null,
notNull Violation: movie.year cannot be null,
notNull Violation: movie.genre cannot be null,
notNull Violation: movie.rate cannot be null
2025-01-23 20:00:11 error : notNull Violation: movie.description cannot be null,
notNull Violation: movie.year cannot be null,
notNull Violation: movie.genre cannot be null,
notNull Violation: movie.rate cannot be null
2025-01-23 20:00:13 error : notNull Violation: movie.description cannot be null,
notNull Violation: movie.year cannot be null,
notNull Violation: movie.genre cannot be null,
notNull Violation: movie.rate cannot be null
2025-01-23 20:00:13 error : notNull Violation: movie.description cannot be null,
notNull Violation: movie.year cannot be null,
notNull Violation: movie.genre cannot be null,
notNull Violation: movie.rate cannot be null
2025-01-23 20:00:53 error : notNull Violation: movie.description cannot be null,
notNull Violation: movie.year cannot be null,
notNull Violation: movie.genre cannot be null,
notNull Violation: movie.rate cannot be null
2025-01-23 20:00:53 error : notNull Violation: movie.description cannot be null,
notNull Violation: movie.year cannot be null,
notNull Violation: movie.genre cannot be null,
notNull Violation: movie.rate cannot be null
2025-01-23 20:00:55 error : notNull Violation: movie.description cannot be null,
notNull Violation: movie.year cannot be null,
notNull Violation: movie.genre cannot be null,
notNull Violation: movie.rate cannot be null
2025-01-23 20:00:55 error : notNull Violation: movie.description cannot be null,
notNull Violation: movie.year cannot be null,
notNull Violation: movie.genre cannot be null,
notNull Violation: movie.rate cannot be null
2025-01-23 20:02:22 error : notNull Violation: movie.year cannot be null,
notNull Violation: movie.genre cannot be null,
notNull Violation: movie.rate cannot be null
2025-01-23 20:02:22 error : notNull Violation: movie.year cannot be null,
notNull Violation: movie.genre cannot be null,
notNull Violation: movie.rate cannot be null
2025-01-23 20:04:28 error : notNull Violation: movie.year cannot be null,
notNull Violation: movie.genre cannot be null,
notNull Violation: movie.rate cannot be null
2025-01-23 20:04:28 error : notNull Violation: movie.year cannot be null,
notNull Violation: movie.genre cannot be null,
notNull Violation: movie.rate cannot be null
2025-01-23 20:04:29 error : notNull Violation: movie.year cannot be null,
notNull Violation: movie.genre cannot be null,
notNull Violation: movie.rate cannot be null
2025-01-23 20:04:29 error : notNull Violation: movie.year cannot be null,
notNull Violation: movie.genre cannot be null,
notNull Violation: movie.rate cannot be null
2025-01-23 20:06:20 error : notNull Violation: movie.year cannot be null,
notNull Violation: movie.genre cannot be null,
notNull Violation: movie.rate cannot be null
2025-01-23 20:06:20 error : notNull Violation: movie.year cannot be null,
notNull Violation: movie.genre cannot be null,
notNull Violation: movie.rate cannot be null
2025-01-23 20:34:37 error : Unknown column 'NaN' in 'where clause'
2025-01-23 20:34:37 error : Unknown column 'NaN' in 'where clause'
2025-01-23 20:35:30 error : Unknown column 'NaN' in 'where clause'
2025-01-23 20:35:30 error : Unknown column 'NaN' in 'where clause'
2025-01-23 20:35:36 error : Unknown column 'NaN' in 'where clause'
2025-01-23 20:35:36 error : Unknown column 'NaN' in 'where clause'
2025-01-23 20:36:14 error : Unknown column 'NaN' in 'where clause'
2025-01-23 20:36:14 error : Unknown column 'NaN' in 'where clause'
2025-01-23 20:36:34 error : Unknown column 'NaN' in 'where clause'
2025-01-23 20:36:34 error : Unknown column 'NaN' in 'where clause'
2025-01-23 20:37:25 error : Unknown column 'NaN' in 'where clause'
2025-01-23 20:37:25 error : Unknown column 'NaN' in 'where clause'
2025-01-23 20:39:37 error : Unknown column 'NaN' in 'where clause'
2025-01-23 20:39:37 error : Unknown column 'NaN' in 'where clause'
2025-01-23 20:42:07 error : Unknown column 'NaN' in 'where clause'
2025-01-23 20:42:07 error : Unknown column 'NaN' in 'where clause'
2025-01-23 20:42:09 error : Unknown column 'NaN' in 'where clause'
2025-01-23 20:42:09 error : Unknown column 'NaN' in 'where clause'
2025-01-24 14:54:40 error : jwt must be a string
2025-01-24 14:54:40 error : jwt must be a string
2025-01-24 14:54:42 error : jwt must be a string
2025-01-24 14:54:42 error : jwt must be a string
2025-01-24 14:54:55 error : jwt must be a string
2025-01-24 14:54:55 error : jwt must be a string
2025-01-24 14:55:02 error : jwt must be a string
2025-01-24 14:55:02 error : jwt must be a string
2025-01-24 14:55:22 error : jwt must be a string
2025-01-24 14:55:22 error : jwt must be a string
2025-01-24 14:55:52 error : jwt must be a string
2025-01-24 14:55:52 error : jwt must be a string
2025-01-24 14:56:49 error : jwt must be a string
2025-01-24 14:56:49 error : jwt must be a string
2025-01-24 14:57:35 error : jwt must be a string
2025-01-24 14:57:35 error : jwt must be a string
2025-01-24 14:58:24 error : jwt must be a string
2025-01-24 14:58:24 error : jwt must be a string
2025-01-24 15:01:55 error : Unknown column 'createdAt' in 'field list'
2025-01-24 15:01:55 error : Unknown column 'createdAt' in 'field list'
2025-01-24 15:02:41 error : Unknown column 'createdAt' in 'field list'
2025-01-24 15:02:41 error : Unknown column 'createdAt' in 'field list'
2025-01-24 15:02:42 error : Unknown column 'createdAt' in 'field list'
2025-01-24 15:02:42 error : Unknown column 'createdAt' in 'field list'
2025-01-24 15:02:43 error : Unknown column 'createdAt' in 'field list'
2025-01-24 15:02:43 error : Unknown column 'createdAt' in 'field list'
2025-01-24 15:02:51 error : Unknown column 'createdAt' in 'field list'
2025-01-24 15:02:51 error : Unknown column 'createdAt' in 'field list'
2025-01-24 15:04:12 error : Unknown column 'createdAt' in 'field list'
2025-01-24 15:04:12 error : Unknown column 'createdAt' in 'field list'
2025-01-24 15:05:04 error : Unknown column 'createdAt' in 'field list'
2025-01-24 15:05:04 error : Unknown column 'createdAt' in 'field list'
2025-01-24 15:08:25 error : Incorrect integer value: 'eyJhbGciOiJIUzI1NiIsInR5cCI6IkpXVCJ9.eyJpZCI6MTMsImlhdCI6MTczNzcxNzg5OSwiZXhwIjoxNzM3NzIxNDk5fQ.PbHiJ_Y5KBjdbk8Ufa9vsfNJRc0fRVDq' for column 'user_id' at row 1
2025-01-24 15:08:25 error : Incorrect integer value: 'eyJhbGciOiJIUzI1NiIsInR5cCI6IkpXVCJ9.eyJpZCI6MTMsImlhdCI6MTczNzcxNzg5OSwiZXhwIjoxNzM3NzIxNDk5fQ.PbHiJ_Y5KBjdbk8Ufa9vsfNJRc0fRVDq' for column 'user_id' at row 1
2025-01-24 15:08:26 error : Incorrect integer value: 'eyJhbGciOiJIUzI1NiIsInR5cCI6IkpXVCJ9.eyJpZCI6MTMsImlhdCI6MTczNzcxNzg5OSwiZXhwIjoxNzM3NzIxNDk5fQ.PbHiJ_Y5KBjdbk8Ufa9vsfNJRc0fRVDq' for column 'user_id' at row 1
2025-01-24 15:08:26 error : Incorrect integer value: 'eyJhbGciOiJIUzI1NiIsInR5cCI6IkpXVCJ9.eyJpZCI6MTMsImlhdCI6MTczNzcxNzg5OSwiZXhwIjoxNzM3NzIxNDk5fQ.PbHiJ_Y5KBjdbk8Ufa9vsfNJRc0fRVDq' for column 'user_id' at row 1
2025-01-24 15:13:33 error : Validation error: Rating must be a number between 0 and 5, and must increment by 0.25.
2025-01-24 15:13:33 error : Validation error: Rating must be a number between 0 and 5, and must increment by 0.25.
2025-01-24 15:13:35 error : Validation error: Rating must be a number between 0 and 5, and must increment by 0.25.
2025-01-24 15:13:35 error : Validation error: Rating must be a number between 0 and 5, and must increment by 0.25.
2025-01-24 15:23:01 error : Validation error: Rating must be a number between 0 and 5, and must increment by 0.25.
2025-01-24 15:23:01 error : Validation error: Rating must be a number between 0 and 5, and must increment by 0.25.
2025-01-24 15:23:02 error : Validation error: Rating must be a number between 0 and 5, and must increment by 0.25.
2025-01-24 15:23:02 error : Validation error: Rating must be a number between 0 and 5, and must increment by 0.25.
2025-01-24 19:00:45 error : Unknown column 'createdAt' in 'field list'
2025-01-24 19:00:45 error : Unknown column 'createdAt' in 'field list'
2025-01-24 19:01:29 error : Unknown column 'createdAt' in 'field list'
2025-01-24 19:01:29 error : Unknown column 'createdAt' in 'field list'
2025-01-24 19:01:31 error : Unknown column 'createdAt' in 'field list'
2025-01-24 19:01:31 error : Unknown column 'createdAt' in 'field list'
2025-01-24 19:01:57 error : Unknown column 'createdAt' in 'field list'
2025-01-24 19:01:57 error : Unknown column 'createdAt' in 'field list'
2025-01-24 19:01:59 error : Unknown column 'createdAt' in 'field list'
2025-01-24 19:01:59 error : Unknown column 'createdAt' in 'field list'
2025-01-24 19:02:26 error : Unknown column 'createdAt' in 'field list'
2025-01-24 19:02:26 error : Unknown column 'createdAt' in 'field list'
2025-01-24 19:02:27 error : Unknown column 'createdAt' in 'field list'
2025-01-24 19:02:27 error : Unknown column 'createdAt' in 'field list'
2025-01-24 19:03:21 error : Unknown column 'createdAt' in 'field list'
2025-01-24 19:03:21 error : Unknown column 'createdAt' in 'field list'
2025-01-24 19:28:37 error : auth is not associated to friend!
2025-01-24 19:28:37 error : auth is not associated to friend!
2025-01-24 19:28:48 error : auth is not associated to friend!
2025-01-24 19:28:48 error : auth is not associated to friend!
2025-01-24 19:30:02 error : auth is not associated to friend!
2025-01-24 19:30:02 error : auth is not associated to friend!
2025-01-24 19:44:50 error : auth is not associated to friend!
2025-01-24 19:44:50 error : auth is not associated to friend!
2025-01-24 19:44:51 error : auth is not associated to friend!
2025-01-24 19:44:51 error : auth is not associated to friend!
2025-01-24 19:46:11 error : auth is not associated to friend!
2025-01-24 19:46:11 error : auth is not associated to friend!
2025-01-24 19:46:12 error : auth is not associated to friend!
2025-01-24 19:46:12 error : auth is not associated to friend!
2025-01-24 19:46:25 error : auth is not associated to friend!
2025-01-24 19:46:25 error : auth is not associated to friend!
2025-01-24 19:46:42 error : auth is not associated to friend!
2025-01-24 19:46:42 error : auth is not associated to friend!
2025-01-24 19:47:05 error : auth is not associated to friend!
2025-01-24 19:47:05 error : auth is not associated to friend!
2025-01-24 19:47:26 error : Cannot read properties of undefined (reading 'email')
2025-01-24 19:47:26 error : Cannot read properties of undefined (reading 'email')
2025-01-24 19:48:24 error : auth is not associated to friend!
2025-01-24 19:48:24 error : auth is not associated to friend!
2025-01-24 21:00:59 error : Friend request not found.
2025-01-24 21:00:59 error : Friend request not found.
2025-01-24 21:01:01 error : Friend request not found.
2025-01-24 21:01:01 error : Friend request not found.
2025-01-24 21:24:36 error : Movie not found.
2025-01-24 21:24:36 error : Movie not found.
2025-01-25 06:37:26 error : auth is not associated to friend!
2025-01-25 06:37:26 error : auth is not associated to friend!
2025-01-25 06:37:45 error : auth is not associated to friend!
2025-01-25 06:37:45 error : auth is not associated to friend!
2025-01-25 06:38:16 error : auth is not associated to friend!
2025-01-25 06:38:16 error : auth is not associated to friend!
2025-01-25 06:38:36 error : auth is not associated to friend!
2025-01-25 06:38:36 error : auth is not associated to friend!
2025-01-25 06:40:20 error : auth is not associated to friend!
2025-01-25 06:40:20 error : auth is not associated to friend!
2025-01-25 06:40:20 error : auth is not associated to friend!
2025-01-25 06:40:20 error : auth is not associated to friend!
2025-01-25 06:40:41 error : auth is not associated to friend!
2025-01-25 06:40:41 error : auth is not associated to friend!
2025-01-25 06:40:56 error : auth is not associated to friend!
2025-01-25 06:40:56 error : auth is not associated to friend!
2025-01-25 06:55:54 error : Following connection not found.
2025-01-25 06:55:54 error : Following connection not found.
2025-01-25 06:56:19 error : Following connection not found.
2025-01-25 06:56:19 error : Following connection not found.
2025-01-25 06:56:23 error : Follower connection not found.
2025-01-25 06:56:23 error : Follower connection not found.
2025-01-25 07:20:41 error : Friend request not found.
2025-01-25 07:20:41 error : Friend request not found.
2025-01-25 07:21:19 error : Friend request not found.
2025-01-25 07:21:19 error : Friend request not found.
2025-01-25 07:23:06 error : Following connection not found.
2025-01-25 07:23:06 error : Following connection not found.
2025-01-25 07:23:09 error : Follower connection not found.
2025-01-25 07:23:09 error : Follower connection not found.
2025-01-25 14:39:02 error : Cannot delete or update a parent row: a foreign key constraint fails (`imdb`.`friends`, CONSTRAINT `friend_id` FOREIGN KEY (`id`) REFERENCES `auths` (`id`))
2025-01-25 14:39:04 error : Cannot delete or update a parent row: a foreign key constraint fails (`imdb`.`friends`, CONSTRAINT `friend_id` FOREIGN KEY (`id`) REFERENCES `auths` (`id`))
2025-01-25 14:40:11 error : Cannot delete or update a parent row: a foreign key constraint fails (`imdb`.`friends`, CONSTRAINT `friend_id` FOREIGN KEY (`id`) REFERENCES `auths` (`id`))
2025-01-25 14:42:07 error : Cannot delete or update a parent row: a foreign key constraint fails (`imdb`.`friends`, CONSTRAINT `friend_id` FOREIGN KEY (`id`) REFERENCES `auths` (`id`))
2025-01-25 14:42:50 error : Cannot delete or update a parent row: a foreign key constraint fails (`imdb`.`friends`, CONSTRAINT `friend_id` FOREIGN KEY (`id`) REFERENCES `auths` (`id`))
2025-01-25 14:47:10 error : Cannot delete or update a parent row: a foreign key constraint fails (`imdb`.`friends`, CONSTRAINT `friend_id` FOREIGN KEY (`id`) REFERENCES `auths` (`id`))
2025-01-25 16:56:52 error : Movie not found or you do not have permission to delete it
2025-01-25 16:56:52 error : Movie not found or you do not have permission to delete it
2025-01-25 17:13:11 error : ENOENT: no such file or directory, open 'C:\Users\alino\Desktop\uni\net\HW\project\letterboxd_expressjs_reactjs\express\src\uploads\1737812591342.jpg'
2025-01-25 17:18:20 error : ENOENT: no such file or directory, open 'C:\Users\alino\Desktop\uni\net\HW\project\letterboxd_expressjs_reactjs\express\src\uploads\1737812900990.jpg'
2025-01-25 17:18:22 error : ENOENT: no such file or directory, open 'C:\Users\alino\Desktop\uni\net\HW\project\letterboxd_expressjs_reactjs\express\src\uploads\1737812902241.jpg'
2025-01-25 17:20:04 error : ENOENT: no such file or directory, open 'C:\Users\alino\Desktop\uni\net\HW\project\letterboxd_expressjs_reactjs\express\src\uploads\1737813004344.jpg'
2025-01-25 17:20:06 error : ENOENT: no such file or directory, open 'C:\Users\alino\Desktop\uni\net\HW\project\letterboxd_expressjs_reactjs\express\src\uploads\1737813006013.jpg'
2025-01-25 17:21:08 error : ENOENT: no such file or directory, open 'C:\Users\alino\Desktop\uni\net\HW\project\letterboxd_expressjs_reactjs\express\src\uploads\1737813068407.jpg'
2025-01-25 17:21:10 error : ENOENT: no such file or directory, open 'C:\Users\alino\Desktop\uni\net\HW\project\letterboxd_expressjs_reactjs\express\src\uploads\1737813070355.jpg'
2025-01-25 17:22:08 error : ENOENT: no such file or directory, open 'C:\Users\alino\Desktop\uni\net\HW\project\letterboxd_expressjs_reactjs\express\src\uploads\1737813128820.jpg'
2025-01-25 17:22:37 error : ENOENT: no such file or directory, open 'C:\Users\alino\Desktop\uni\net\HW\project\letterboxd_expressjs_reactjs\express\src\uploads\1737813157746.jpg'
2025-01-25 17:24:38 error : ENOENT: no such file or directory, open 'C:\Users\alino\Desktop\uni\net\HW\project\letterboxd_expressjs_reactjs\express\src\uploads\1737813278598.jpg'
2025-01-25 17:29:25 error : Movie not found or you do not have permission to update it
2025-01-25 17:29:25 error : Movie not found or you do not have permission to update it
2025-01-25 19:56:56 error : Unexpected field
2025-01-25 19:57:07 error : Unexpected field
2025-01-25 19:57:24 error : Unexpected field
2025-01-25 19:57:31 error : Unexpected field
2025-01-25 19:57:38 error : Unexpected field
2025-01-25 20:00:22 error : Unexpected field
2025-01-25 20:01:06 error : Unexpected field
2025-01-25 20:01:48 error : Unexpected field
2025-01-25 20:02:32 error : Unexpected field
2025-01-25 20:02:57 error : Unexpected field
2025-01-25 20:03:22 error : Unknown column 'createdAt' in 'field list'
2025-01-25 20:03:22 error : Unknown column 'createdAt' in 'field list'
2025-01-25 20:04:27 error : Cannot add or update a child row: a foreign key constraint fails (`imdb`.`images`, CONSTRAINT `movie_id` FOREIGN KEY (`id`) REFERENCES `movies` (`id`))
2025-01-25 20:04:27 error : Cannot add or update a child row: a foreign key constraint fails (`imdb`.`images`, CONSTRAINT `movie_id` FOREIGN KEY (`id`) REFERENCES `movies` (`id`))
2025-01-25 20:07:26 error : Cannot add or update a child row: a foreign key constraint fails (`imdb`.`images`, CONSTRAINT `movie_id` FOREIGN KEY (`id`) REFERENCES `movies` (`id`))
2025-01-25 20:07:26 error : Cannot add or update a child row: a foreign key constraint fails (`imdb`.`images`, CONSTRAINT `movie_id` FOREIGN KEY (`id`) REFERENCES `movies` (`id`))
2025-01-25 20:08:49 error : Cannot add or update a child row: a foreign key constraint fails (`imdb`.`images`, CONSTRAINT `movie_id` FOREIGN KEY (`id`) REFERENCES `movies` (`id`))
2025-01-25 20:08:49 error : Cannot add or update a child row: a foreign key constraint fails (`imdb`.`images`, CONSTRAINT `movie_id` FOREIGN KEY (`id`) REFERENCES `movies` (`id`))
2025-01-25 20:11:34 error : Cannot add or update a child row: a foreign key constraint fails (`imdb`.`images`, CONSTRAINT `movie_id` FOREIGN KEY (`id`) REFERENCES `movies` (`id`))
2025-01-25 20:11:34 error : Cannot add or update a child row: a foreign key constraint fails (`imdb`.`images`, CONSTRAINT `movie_id` FOREIGN KEY (`id`) REFERENCES `movies` (`id`))
2025-01-25 20:12:15 error : Cannot add or update a child row: a foreign key constraint fails (`imdb`.`images`, CONSTRAINT `movie_id` FOREIGN KEY (`id`) REFERENCES `movies` (`id`))
2025-01-25 20:12:15 error : Cannot add or update a child row: a foreign key constraint fails (`imdb`.`images`, CONSTRAINT `movie_id` FOREIGN KEY (`id`) REFERENCES `movies` (`id`))
2025-01-25 20:14:12 error : Cannot add or update a child row: a foreign key constraint fails (`imdb`.`images`, CONSTRAINT `movie_id` FOREIGN KEY (`id`) REFERENCES `movies` (`id`))
2025-01-25 20:14:12 error : Cannot add or update a child row: a foreign key constraint fails (`imdb`.`images`, CONSTRAINT `movie_id` FOREIGN KEY (`id`) REFERENCES `movies` (`id`))
2025-01-25 20:14:52 error : Cannot add or update a child row: a foreign key constraint fails (`imdb`.`images`, CONSTRAINT `movie_id` FOREIGN KEY (`id`) REFERENCES `movies` (`id`))
2025-01-25 20:14:52 error : Cannot add or update a child row: a foreign key constraint fails (`imdb`.`images`, CONSTRAINT `movie_id` FOREIGN KEY (`id`) REFERENCES `movies` (`id`))
2025-01-25 20:16:23 error : Cannot add or update a child row: a foreign key constraint fails (`imdb`.`images`, CONSTRAINT `movie_id` FOREIGN KEY (`id`) REFERENCES `movies` (`id`))
2025-01-25 20:16:23 error : Cannot add or update a child row: a foreign key constraint fails (`imdb`.`images`, CONSTRAINT `movie_id` FOREIGN KEY (`id`) REFERENCES `movies` (`id`))
2025-01-25 20:17:46 error : Cannot add or update a child row: a foreign key constraint fails (`imdb`.`images`, CONSTRAINT `movie_id` FOREIGN KEY (`id`) REFERENCES `movies` (`id`))
2025-01-25 20:17:46 error : Cannot add or update a child row: a foreign key constraint fails (`imdb`.`images`, CONSTRAINT `movie_id` FOREIGN KEY (`id`) REFERENCES `movies` (`id`))
2025-01-25 20:18:35 error : Cannot add or update a child row: a foreign key constraint fails (`imdb`.`images`, CONSTRAINT `movie_id` FOREIGN KEY (`id`) REFERENCES `movies` (`id`))
2025-01-25 20:18:35 error : Cannot add or update a child row: a foreign key constraint fails (`imdb`.`images`, CONSTRAINT `movie_id` FOREIGN KEY (`id`) REFERENCES `movies` (`id`))
2025-01-25 20:22:53 error : Cannot add or update a child row: a foreign key constraint fails (`imdb`.`images`, CONSTRAINT `movie_id` FOREIGN KEY (`id`) REFERENCES `movies` (`id`))
2025-01-25 20:22:53 error : Cannot add or update a child row: a foreign key constraint fails (`imdb`.`images`, CONSTRAINT `movie_id` FOREIGN KEY (`id`) REFERENCES `movies` (`id`))
2025-01-25 20:23:30 error : Cannot add or update a child row: a foreign key constraint fails (`imdb`.`images`, CONSTRAINT `movie_id` FOREIGN KEY (`id`) REFERENCES `movies` (`id`))
2025-01-25 20:23:30 error : Cannot add or update a child row: a foreign key constraint fails (`imdb`.`images`, CONSTRAINT `movie_id` FOREIGN KEY (`id`) REFERENCES `movies` (`id`))
2025-01-25 20:25:48 error : Cannot add or update a child row: a foreign key constraint fails (`imdb`.`images`, CONSTRAINT `movie_id` FOREIGN KEY (`id`) REFERENCES `movies` (`id`))
2025-01-25 20:25:48 error : Cannot add or update a child row: a foreign key constraint fails (`imdb`.`images`, CONSTRAINT `movie_id` FOREIGN KEY (`id`) REFERENCES `movies` (`id`))
2025-01-25 20:27:54 error : Cannot add or update a child row: a foreign key constraint fails (`imdb`.`images`, CONSTRAINT `movie_id` FOREIGN KEY (`id`) REFERENCES `movies` (`id`))
2025-01-25 20:32:10 error : image is not associated to movie!
2025-01-25 20:35:43 error : image is not associated to movie!
2025-01-25 20:36:17 error : image is not associated to movie!
2025-01-25 20:36:18 error : image is not associated to movie!
2025-01-25 20:53:45 error : ENOENT: no such file or directory, scandir '../images'
2025-01-25 20:54:17 error : ENOENT: no such file or directory, scandir '../images'
2025-01-25 20:54:18 error : ENOENT: no such file or directory, scandir '../images'
2025-01-25 20:54:19 error : ENOENT: no such file or directory, scandir '../images'
2025-01-25 20:55:07 error : ENOENT: no such file or directory, scandir 'C:\Users\alino\Desktop\uni\net\HW\project\letterboxd_expressjs_reactjs\express\src\movie\images'
2025-01-25 20:55:41 error : ENOENT: no such file or directory, scandir 'C:\Users\alino\Desktop\uni\net\HW\project\letterboxd_expressjs_reactjs\express\src\movie\images'
2025-01-25 21:01:13 error : Unknown column 'NaN' in 'where clause'
2025-01-25 21:01:13 error : Unknown column 'NaN' in 'where clause'
2025-01-25 21:01:22 error : Unknown column 'NaN' in 'where clause'
2025-01-25 21:01:22 error : Unknown column 'NaN' in 'where clause'
2025-01-25 21:01:58 error : Unknown column 'NaN' in 'where clause'
2025-01-25 21:01:58 error : Unknown column 'NaN' in 'where clause'
2025-01-25 21:02:33 error : Unknown column 'NaN' in 'where clause'
2025-01-25 21:02:33 error : Unknown column 'NaN' in 'where clause'
2025-01-25 21:04:14 error : Unknown column 'NaN' in 'where clause'
2025-01-25 21:04:14 error : Unknown column 'NaN' in 'where clause'
2025-01-25 21:04:15 error : Unknown column 'NaN' in 'where clause'
2025-01-25 21:04:15 error : Unknown column 'NaN' in 'where clause'
2025-01-29 13:36:54 error : Unable to connect to the database or sync: getaddrinfo ENOTFOUND mysql
2025-01-29 13:38:43 error : Unable to connect to the database or sync: getaddrinfo ENOTFOUND mysql
2025-01-29 13:51:30 error : Unable to connect to the database or sync: getaddrinfo ENOTFOUND db
2025-01-29 14:15:33 error : Unable to connect to the database or sync: getaddrinfo ENOTFOUND db
2025-01-29 14:15:54 error : Unable to connect to the database or sync: getaddrinfo ENOTFOUND db
2025-01-29 14:37:20 error : Unable to connect to the database or sync: connect ECONNREFUSED ::1:3007
2025-01-30 20:24:37 error : notNull Violation: movie.year cannot be null
2025-01-30 20:24:37 error : notNull Violation: movie.year cannot be null
2025-01-30 20:24:39 error : notNull Violation: movie.year cannot be null
2025-01-30 20:24:39 error : notNull Violation: movie.year cannot be null
2025-01-30 21:08:19 error : Unknown column 'createdAt' in 'field list'
2025-01-30 21:57:04 error : Unknown column 'NaN' in 'where clause'
2025-01-30 21:57:04 error : Unknown column 'NaN' in 'where clause'
2025-01-30 21:57:08 error : Unknown column 'NaN' in 'where clause'
2025-01-30 21:57:08 error : Unknown column 'NaN' in 'where clause'
2025-01-30 21:57:17 error : Unknown column 'NaN' in 'where clause'
2025-01-30 21:57:17 error : Unknown column 'NaN' in 'where clause'
2025-01-30 21:57:22 error : Unknown column 'NaN' in 'where clause'
2025-01-30 21:57:22 error : Unknown column 'NaN' in 'where clause'
2025-01-30 21:57:37 error : Unknown column 'NaN' in 'where clause'
2025-01-30 21:57:37 error : Unknown column 'NaN' in 'where clause'
2025-01-30 21:57:43 error : Unknown column 'NaN' in 'where clause'
2025-01-30 21:57:43 error : Unknown column 'NaN' in 'where clause'
2025-01-30 21:57:47 error : Unknown column 'NaN' in 'where clause'
2025-01-30 21:57:47 error : Unknown column 'NaN' in 'where clause'
2025-01-30 23:31:37 error : Movie not found.
2025-01-30 23:31:37 error : Movie not found.
2025-01-30 23:31:39 error : Movie not found.
2025-01-30 23:31:39 error : Movie not found.
2025-01-31 18:20:24 error : Friend with this email not found.
2025-01-31 18:20:24 error : Friend with this email not found.
2025-02-01 01:20:09 error : Unknown column 'NaN' in 'where clause'
2025-02-01 01:20:09 error : Unknown column 'NaN' in 'where clause'
2025-02-01 01:20:09 error : Unknown column 'NaN' in 'where clause'
2025-02-01 01:20:09 error : Unknown column 'NaN' in 'where clause'
2025-02-01 01:20:12 error : Unknown column 'NaN' in 'where clause'
2025-02-01 01:20:12 error : Unknown column 'NaN' in 'where clause'
2025-02-01 01:20:13 error : Unknown column 'NaN' in 'where clause'
2025-02-01 01:20:13 error : Unknown column 'NaN' in 'where clause'
2025-02-01 01:20:15 error : Unknown column 'NaN' in 'where clause'
2025-02-01 01:20:15 error : Unknown column 'NaN' in 'where clause'
2025-02-01 01:20:16 error : Unknown column 'NaN' in 'where clause'
2025-02-01 01:20:16 error : Unknown column 'NaN' in 'where clause'
2025-02-01 01:20:43 error : Unknown column 'NaN' in 'where clause'
2025-02-01 01:20:43 error : Unknown column 'NaN' in 'where clause'
2025-02-01 01:20:43 error : Unknown column 'NaN' in 'where clause'
2025-02-01 01:20:43 error : Unknown column 'NaN' in 'where clause'
2025-02-01 01:20:48 error : Unknown column 'NaN' in 'where clause'
2025-02-01 01:20:48 error : Unknown column 'NaN' in 'where clause'
2025-02-01 01:21:18 error : Unknown column 'NaN' in 'where clause'
2025-02-01 01:21:18 error : Unknown column 'NaN' in 'where clause'
2025-02-01 01:21:18 error : Unknown column 'NaN' in 'where clause'
2025-02-01 01:21:18 error : Unknown column 'NaN' in 'where clause'
2025-02-01 01:39:57 error : Friend with this email not found.
2025-02-01 01:39:57 error : Friend with this email not found.
2025-02-01 01:40:12 error : Friend with this email not found.
2025-02-01 01:40:12 error : Friend with this email not found.
2025-02-01 01:56:08 error : Following connection not found.
2025-02-01 01:56:08 error : Following connection not found.
2025-02-01 01:56:10 error : Following connection not found.
2025-02-01 01:56:10 error : Following connection not found.
2025-02-01 02:02:56 error : Following connection not found.
2025-02-01 02:02:56 error : Following connection not found.
2025-02-01 02:20:56 error : You can only delete pending friend requests.
2025-02-01 02:20:56 error : You can only delete pending friend requests.
2025-02-01 10:29:20 error : Following connection not found.
2025-02-01 10:29:20 error : Following connection not found.
2025-02-01 10:30:07 error : Follower connection not found.
2025-02-01 10:30:07 error : Follower connection not found.
2025-02-01 10:33:28 error : Cannot add or update a child row: a foreign key constraint fails (`imdb`.`friends`, CONSTRAINT `friend_id` FOREIGN KEY (`id`) REFERENCES `auths` (`id`) ON DELETE CASCADE ON UPDATE CASCADE)
2025-02-01 10:33:28 error : Cannot add or update a child row: a foreign key constraint fails (`imdb`.`friends`, CONSTRAINT `friend_id` FOREIGN KEY (`id`) REFERENCES `auths` (`id`) ON DELETE CASCADE ON UPDATE CASCADE)
2025-02-01 10:36:52 error : Cannot add or update a child row: a foreign key constraint fails (`imdb`.`friends`, CONSTRAINT `friend_id` FOREIGN KEY (`id`) REFERENCES `auths` (`id`) ON DELETE CASCADE ON UPDATE CASCADE)
2025-02-01 10:36:52 error : Cannot add or update a child row: a foreign key constraint fails (`imdb`.`friends`, CONSTRAINT `friend_id` FOREIGN KEY (`id`) REFERENCES `auths` (`id`) ON DELETE CASCADE ON UPDATE CASCADE)
2025-02-01 10:36:58 error : Cannot add or update a child row: a foreign key constraint fails (`imdb`.`friends`, CONSTRAINT `friend_id` FOREIGN KEY (`id`) REFERENCES `auths` (`id`) ON DELETE CASCADE ON UPDATE CASCADE)
2025-02-01 10:36:58 error : Cannot add or update a child row: a foreign key constraint fails (`imdb`.`friends`, CONSTRAINT `friend_id` FOREIGN KEY (`id`) REFERENCES `auths` (`id`) ON DELETE CASCADE ON UPDATE CASCADE)
2025-02-01 10:37:53 error : Cannot add or update a child row: a foreign key constraint fails (`imdb`.`friends`, CONSTRAINT `friend_id` FOREIGN KEY (`id`) REFERENCES `auths` (`id`) ON DELETE CASCADE ON UPDATE CASCADE)
2025-02-01 10:37:53 error : Cannot add or update a child row: a foreign key constraint fails (`imdb`.`friends`, CONSTRAINT `friend_id` FOREIGN KEY (`id`) REFERENCES `auths` (`id`) ON DELETE CASCADE ON UPDATE CASCADE)
2025-02-01 10:39:15 error : Cannot add or update a child row: a foreign key constraint fails (`imdb`.`friends`, CONSTRAINT `friend_id` FOREIGN KEY (`id`) REFERENCES `auths` (`id`) ON DELETE CASCADE ON UPDATE CASCADE)
2025-02-01 10:39:15 error : Cannot add or update a child row: a foreign key constraint fails (`imdb`.`friends`, CONSTRAINT `friend_id` FOREIGN KEY (`id`) REFERENCES `auths` (`id`) ON DELETE CASCADE ON UPDATE CASCADE)
2025-02-01 10:39:25 error : Cannot add or update a child row: a foreign key constraint fails (`imdb`.`friends`, CONSTRAINT `friend_id` FOREIGN KEY (`id`) REFERENCES `auths` (`id`) ON DELETE CASCADE ON UPDATE CASCADE)
2025-02-01 10:39:25 error : Cannot add or update a child row: a foreign key constraint fails (`imdb`.`friends`, CONSTRAINT `friend_id` FOREIGN KEY (`id`) REFERENCES `auths` (`id`) ON DELETE CASCADE ON UPDATE CASCADE)
2025-02-01 10:39:32 error : Cannot add or update a child row: a foreign key constraint fails (`imdb`.`friends`, CONSTRAINT `friend_id` FOREIGN KEY (`id`) REFERENCES `auths` (`id`) ON DELETE CASCADE ON UPDATE CASCADE)
2025-02-01 10:39:32 error : Cannot add or update a child row: a foreign key constraint fails (`imdb`.`friends`, CONSTRAINT `friend_id` FOREIGN KEY (`id`) REFERENCES `auths` (`id`) ON DELETE CASCADE ON UPDATE CASCADE)
2025-02-01 10:39:59 error : Cannot add or update a child row: a foreign key constraint fails (`imdb`.`friends`, CONSTRAINT `friend_id` FOREIGN KEY (`id`) REFERENCES `auths` (`id`) ON DELETE CASCADE ON UPDATE CASCADE)
2025-02-01 10:39:59 error : Cannot add or update a child row: a foreign key constraint fails (`imdb`.`friends`, CONSTRAINT `friend_id` FOREIGN KEY (`id`) REFERENCES `auths` (`id`) ON DELETE CASCADE ON UPDATE CASCADE)
2025-02-01 10:41:02 error : Cannot add or update a child row: a foreign key constraint fails (`imdb`.`friends`, CONSTRAINT `friend_id` FOREIGN KEY (`id`) REFERENCES `auths` (`id`) ON DELETE CASCADE ON UPDATE CASCADE)
2025-02-01 10:41:02 error : Cannot add or update a child row: a foreign key constraint fails (`imdb`.`friends`, CONSTRAINT `friend_id` FOREIGN KEY (`id`) REFERENCES `auths` (`id`) ON DELETE CASCADE ON UPDATE CASCADE)
2025-02-01 10:41:21 error : Cannot add or update a child row: a foreign key constraint fails (`imdb`.`friends`, CONSTRAINT `friend_id` FOREIGN KEY (`id`) REFERENCES `auths` (`id`) ON DELETE CASCADE ON UPDATE CASCADE)
2025-02-01 10:41:21 error : Cannot add or update a child row: a foreign key constraint fails (`imdb`.`friends`, CONSTRAINT `friend_id` FOREIGN KEY (`id`) REFERENCES `auths` (`id`) ON DELETE CASCADE ON UPDATE CASCADE)
2025-02-01 10:41:22 error : Cannot add or update a child row: a foreign key constraint fails (`imdb`.`friends`, CONSTRAINT `friend_id` FOREIGN KEY (`id`) REFERENCES `auths` (`id`) ON DELETE CASCADE ON UPDATE CASCADE)
2025-02-01 10:41:22 error : Cannot add or update a child row: a foreign key constraint fails (`imdb`.`friends`, CONSTRAINT `friend_id` FOREIGN KEY (`id`) REFERENCES `auths` (`id`) ON DELETE CASCADE ON UPDATE CASCADE)
2025-02-01 10:43:22 error : Cannot add or update a child row: a foreign key constraint fails (`imdb`.`friends`, CONSTRAINT `friend_id` FOREIGN KEY (`id`) REFERENCES `auths` (`id`) ON DELETE CASCADE ON UPDATE RESTRICT)
2025-02-01 10:43:22 error : Cannot add or update a child row: a foreign key constraint fails (`imdb`.`friends`, CONSTRAINT `friend_id` FOREIGN KEY (`id`) REFERENCES `auths` (`id`) ON DELETE CASCADE ON UPDATE RESTRICT)
2025-02-01 10:43:23 error : Cannot add or update a child row: a foreign key constraint fails (`imdb`.`friends`, CONSTRAINT `friend_id` FOREIGN KEY (`id`) REFERENCES `auths` (`id`) ON DELETE CASCADE ON UPDATE RESTRICT)
2025-02-01 10:43:23 error : Cannot add or update a child row: a foreign key constraint fails (`imdb`.`friends`, CONSTRAINT `friend_id` FOREIGN KEY (`id`) REFERENCES `auths` (`id`) ON DELETE CASCADE ON UPDATE RESTRICT)
2025-02-01 10:43:42 error : Cannot add or update a child row: a foreign key constraint fails (`imdb`.`friends`, CONSTRAINT `friend_id` FOREIGN KEY (`id`) REFERENCES `auths` (`id`) ON DELETE CASCADE ON UPDATE RESTRICT)
2025-02-01 10:43:42 error : Cannot add or update a child row: a foreign key constraint fails (`imdb`.`friends`, CONSTRAINT `friend_id` FOREIGN KEY (`id`) REFERENCES `auths` (`id`) ON DELETE CASCADE ON UPDATE RESTRICT)
2025-02-01 12:54:28 error : notNull Violation: movie.year cannot be null,
notNull Violation: movie.rate cannot be null
2025-02-01 12:54:28 error : notNull Violation: movie.year cannot be null,
notNull Violation: movie.rate cannot be null
2025-02-01 12:54:30 error : notNull Violation: movie.year cannot be null,
notNull Violation: movie.rate cannot be null
2025-02-01 12:54:30 error : notNull Violation: movie.year cannot be null,
notNull Violation: movie.rate cannot be null
2025-02-01 12:55:18 error : notNull Violation: movie.year cannot be null
2025-02-01 12:55:18 error : notNull Violation: movie.year cannot be null
2025-02-01 12:55:19 error : notNull Violation: movie.year cannot be null
2025-02-01 12:55:19 error : notNull Violation: movie.year cannot be null
2025-02-01 12:56:22 error : notNull Violation: movie.rate cannot be null
2025-02-01 12:56:22 error : notNull Violation: movie.rate cannot be null
2025-02-01 12:56:58 error : notNull Violation: movie.rate cannot be null
2025-02-01 12:56:58 error : notNull Violation: movie.rate cannot be null
2025-02-01 12:57:14 error : notNull Violation: movie.rate cannot be null
2025-02-01 12:57:14 error : notNull Violation: movie.rate cannot be null
2025-02-01 12:57:16 error : notNull Violation: movie.rate cannot be null
2025-02-01 12:57:16 error : notNull Violation: movie.rate cannot be null
2025-02-01 12:59:01 error : notNull Violation: movie.rate cannot be null
2025-02-01 12:59:01 error : notNull Violation: movie.rate cannot be null
2025-02-01 12:59:02 error : notNull Violation: movie.rate cannot be null
2025-02-01 12:59:02 error : notNull Violation: movie.rate cannot be null
2025-02-01 12:59:04 error : notNull Violation: movie.rate cannot be null
2025-02-01 12:59:04 error : notNull Violation: movie.rate cannot be null
2025-02-01 12:59:16 error : notNull Violation: movie.rate cannot be null
2025-02-01 12:59:16 error : notNull Violation: movie.rate cannot be null
2025-02-01 13:01:14 error : Data truncated for column 'rate' at row 1
2025-02-01 13:01:14 error : Data truncated for column 'rate' at row 1
2025-02-01 13:01:51 error : Data truncated for column 'rate' at row 1
2025-02-01 13:01:51 error : Data truncated for column 'rate' at row 1
2025-02-01 13:01:52 error : Data truncated for column 'rate' at row 1
2025-02-01 13:01:52 error : Data truncated for column 'rate' at row 1
2025-02-01 13:02:53 error : notNull Violation: movie.rate cannot be null
2025-02-01 13:02:53 error : notNull Violation: movie.rate cannot be null
2025-02-01 13:02:55 error : notNull Violation: movie.rate cannot be null
2025-02-01 13:02:55 error : notNull Violation: movie.rate cannot be null
2025-02-01 13:02:58 error : Data truncated for column 'rate' at row 1
2025-02-01 13:02:58 error : Data truncated for column 'rate' at row 1
2025-02-01 13:02:59 error : Data truncated for column 'rate' at row 1
2025-02-01 13:02:59 error : Data truncated for column 'rate' at row 1
2025-02-01 13:06:05 error : notNull Violation: movie.rate cannot be null
2025-02-01 13:06:05 error : notNull Violation: movie.rate cannot be null
2025-02-01 13:06:06 error : notNull Violation: movie.rate cannot be null
2025-02-01 13:06:06 error : notNull Violation: movie.rate cannot be null
2025-02-01 13:06:07 error : notNull Violation: movie.rate cannot be null
2025-02-01 13:06:07 error : notNull Violation: movie.rate cannot be null
2025-02-01 13:08:03 error : notNull Violation: movie.rate cannot be null
2025-02-01 13:08:03 error : notNull Violation: movie.rate cannot be null
2025-02-01 13:08:04 error : notNull Violation: movie.rate cannot be null
2025-02-01 13:08:04 error : notNull Violation: movie.rate cannot be null
2025-02-01 13:08:05 error : notNull Violation: movie.rate cannot be null
2025-02-01 13:08:05 error : notNull Violation: movie.rate cannot be null
2025-02-01 13:08:19 error : notNull Violation: movie.rate cannot be null
2025-02-01 13:08:19 error : notNull Violation: movie.rate cannot be null
2025-02-01 13:08:29 error : notNull Violation: movie.rate cannot be null
2025-02-01 13:08:29 error : notNull Violation: movie.rate cannot be null
2025-02-01 13:22:37 error : Data truncated for column 'rate' at row 1
2025-02-01 13:22:37 error : Data truncated for column 'rate' at row 1
2025-02-01 13:56:22 error : Data truncated for column 'rating' at row 1
2025-02-01 13:57:50 error : Data truncated for column 'rating' at row 1
2025-02-01 13:58:06 error : Data truncated for column 'rating' at row 1
2025-02-01 14:21:32 error : You can only delete pending friend requests.
2025-02-01 14:21:32 error : You can only delete pending friend requests.
2025-02-01 14:21:35 error : You can only delete pending friend requests.
2025-02-01 14:21:35 error : You can only delete pending friend requests.
2025-02-01 14:22:03 error : You can only delete pending friend requests.
2025-02-01 14:22:03 error : You can only delete pending friend requests.
2025-02-01 14:27:07 error : You can only delete pending friend requests.
2025-02-01 14:27:07 error : You can only delete pending friend requests.
2025-02-01 14:27:55 error : You can only delete pending friend requests.
2025-02-01 14:27:55 error : You can only delete pending friend requests.
2025-02-01 14:28:09 error : You can only delete pending friend requests.
2025-02-01 14:28:09 error : You can only delete pending friend requests.
2025-02-01 14:28:52 error : You can only delete pending friend requests.
2025-02-01 14:28:52 error : You can only delete pending friend requests.
2025-02-01 14:29:31 error : You can only delete pending friend requests.
2025-02-01 14:29:31 error : You can only delete pending friend requests.
2025-02-01 14:30:30 error : You can only delete pending friend requests.
2025-02-01 14:30:31 error : You can only delete pending friend requests.
2025-02-01 14:31:57 error : You can only delete pending friend requests.
2025-02-01 14:31:57 error : You can only delete pending friend requests.
2025-02-01 14:32:45 error : You can only delete pending friend requests.
2025-02-01 14:32:45 error : You can only delete pending friend requests.
2025-02-01 14:33:46 error : You can only delete pending friend requests.
2025-02-01 14:33:46 error : You can only delete pending friend requests.
2025-02-01 14:34:13 error : You can only delete pending friend requests.
2025-02-01 14:34:13 error : You can only delete pending friend requests.
2025-02-01 14:36:41 error : You can only delete pending friend requests.
2025-02-01 14:36:41 error : You can only delete pending friend requests.
2025-02-01 14:36:54 error : You can only delete pending friend requests.
2025-02-01 14:36:54 error : You can only delete pending friend requests.
2025-02-01 14:37:31 error : You can only delete pending friend requests.
2025-02-01 14:37:31 error : You can only delete pending friend requests.
2025-02-01 14:37:33 error : You can only delete pending friend requests.
2025-02-01 14:37:33 error : You can only delete pending friend requests.
2025-02-01 14:38:31 error : You can only delete pending friend requests.
2025-02-01 14:38:31 error : You can only delete pending friend requests.
2025-02-01 14:38:56 error : You can only delete pending friend requests.
2025-02-01 14:38:56 error : You can only delete pending friend requests.
2025-02-01 14:39:31 error : You can only delete pending friend requests.
2025-02-01 14:39:31 error : You can only delete pending friend requests.
2025-02-01 14:40:07 error : You can only delete pending friend requests.
2025-02-01 14:40:07 error : You can only delete pending friend requests.
2025-02-01 14:42:34 error : You can only delete pending friend requests.
2025-02-01 14:42:34 error : You can only delete pending friend requests.
2025-02-01 14:42:37 error : You can only delete pending friend requests.
2025-02-01 14:42:37 error : You can only delete pending friend requests.
2025-02-01 14:43:08 error : You can only delete pending friend requests.
2025-02-01 14:43:08 error : You can only delete pending friend requests.
2025-02-01 14:45:40 error : You can only delete pending friend requests.
2025-02-01 14:45:40 error : You can only delete pending friend requests.
2025-02-01 14:47:09 error : You can only delete pending friend requests.
2025-02-01 14:47:09 error : You can only delete pending friend requests.
2025-02-01 14:47:44 error : You can only delete pending friend requests.
2025-02-01 14:47:44 error : You can only delete pending friend requests.
2025-02-02 01:54:10 error : Validation error
2025-02-02 01:54:22 error : Validation error
2025-02-02 01:57:07 error : Validation error
2025-02-02 01:57:25 error : Validation error
2025-02-02 01:58:14 error : Validation error
2025-02-05 15:34:44 error : Unable to connect to the database or sync:
2025-02-05 15:37:45 error : SequelizeConnectionRefusedError
2025-02-05 15:37:45 error : SequelizeConnectionRefusedError
2025-02-05 15:37:45 error : SequelizeConnectionRefusedError
2025-02-05 15:37:45 error : SequelizeConnectionRefusedError
2025-02-05 15:38:10 error : Unable to connect to the database or sync:
2025-02-05 15:38:24 error : SequelizeConnectionRefusedError
2025-02-05 15:38:24 error : SequelizeConnectionRefusedError
2025-02-05 15:38:24 error : SequelizeConnectionRefusedError
2025-02-05 15:38:24 error : SequelizeConnectionRefusedError
2025-02-05 15:38:26 error : SequelizeConnectionRefusedError
2025-02-05 15:38:26 error : SequelizeConnectionRefusedError
2025-02-05 15:38:26 error : SequelizeConnectionRefusedError
2025-02-05 15:38:26 error : SequelizeConnectionRefusedError
2025-02-05 15:38:29 error : SequelizeConnectionRefusedError
2025-02-05 15:38:29 error : SequelizeConnectionRefusedError
2025-02-05 15:38:29 error : SequelizeConnectionRefusedError
2025-02-05 15:38:29 error : SequelizeConnectionRefusedError
2025-02-05 22:11:46 error : data and hash must be strings
2025-02-05 22:13:54 error : data and hash must be strings
2025-02-05 22:16:09 error : data and hash must be strings
